2022-09-15T10:40:06.975815Z 0 [Warning] Insecure configuration for --secure-file-priv: Current value does not restrict location of generated files. Consider setting it to a valid, non-empty path.
2022-09-15T10:40:06.976467Z 0 [ERROR] Cannot open Windows EventLog; check privileges, or start server with --log_syslog=0
2022-09-15T10:40:06.976482Z 0 [Note] C:\laragon\bin\mysql\mysql-5.7.33-winx64\bin\mysqld (mysqld 5.7.33) starting as process 9768 ...
2022-09-15T10:40:06.989520Z 0 [Note] InnoDB: Mutexes and rw_locks use Windows interlocked functions
2022-09-15T10:40:06.990347Z 0 [Note] InnoDB: Uses event mutexes
2022-09-15T10:40:06.990840Z 0 [Note] InnoDB: _mm_lfence() and _mm_sfence() are used for memory barrier
2022-09-15T10:40:06.991628Z 0 [Note] InnoDB: Compressed tables use zlib 1.2.11
2022-09-15T10:40:06.992329Z 0 [Note] InnoDB: Number of pools: 1
2022-09-15T10:40:06.992622Z 0 [Note] InnoDB: Not using CPU crc32 instructions
2022-09-15T10:40:06.994444Z 0 [Note] InnoDB: Initializing buffer pool, total size = 128M, instances = 1, chunk size = 128M
2022-09-15T10:40:06.999509Z 0 [Note] InnoDB: Completed initialization of buffer pool
2022-09-15T10:40:07.030918Z 0 [Note] InnoDB: Highest supported file format is Barracuda.
2022-09-15T10:40:07.072380Z 0 [Note] InnoDB: Creating shared tablespace for temporary tables
2022-09-15T10:40:07.072892Z 0 [Note] InnoDB: Setting file '.\ibtmp1' size to 12 MB. Physically writing the file full; Please wait ...
2022-09-15T10:40:07.107211Z 0 [Note] InnoDB: File '.\ibtmp1' size is now 12 MB.
2022-09-15T10:40:07.113308Z 0 [Note] InnoDB: 96 redo rollback segment(s) found. 96 redo rollback segment(s) are active.
2022-09-15T10:40:07.113697Z 0 [Note] InnoDB: 32 non-redo rollback segment(s) are active.
2022-09-15T10:40:07.114212Z 0 [Note] InnoDB: Waiting for purge to start
2022-09-15T10:40:07.174654Z 0 [Note] InnoDB: 5.7.33 started; log sequence number 2746840
2022-09-15T10:40:07.175678Z 0 [Note] InnoDB: Loading buffer pool(s) from C:\laragon\www\intranet\mysql\ib_buffer_pool
2022-09-15T10:40:07.175681Z 0 [Note] Plugin 'FEDERATED' is disabled.
2022-09-15T10:40:07.186425Z 0 [Note] Found ca.pem, server-cert.pem and server-key.pem in data directory. Trying to enable SSL support using them.
2022-09-15T10:40:07.186897Z 0 [Note] Skipping generation of SSL certificates as certificate files are present in data directory.
2022-09-15T10:40:07.188193Z 0 [Warning] CA certificate ca.pem is self signed.
2022-09-15T10:40:07.188544Z 0 [Note] Skipping generation of RSA key pair as key files are present in data directory.
2022-09-15T10:40:07.189048Z 0 [Note] Server hostname (bind-address): '*'; port: 3306
2022-09-15T10:40:07.189446Z 0 [Note] IPv6 is available.
2022-09-15T10:40:07.189634Z 0 [Note]   - '::' resolves to '::';
2022-09-15T10:40:07.189888Z 0 [Note] Server socket created on IP: '::'.
2022-09-15T10:40:07.193734Z 0 [Note] InnoDB: Buffer pool(s) load completed at 220915 17:40:07
2022-09-15T10:40:07.212773Z 0 [Note] Event Scheduler: Loaded 0 events
2022-09-15T10:40:07.213090Z 0 [Note] C:\laragon\bin\mysql\mysql-5.7.33-winx64\bin\mysqld: ready for connections.
Version: '5.7.33'  socket: ''  port: 3306  MySQL Community Server (GPL)
2022-09-15T10:42:03.492115Z 0 [Note] C:\laragon\bin\mysql\mysql-5.7.33-winx64\bin\mysqld: Normal shutdown

2022-09-15T10:42:03.492570Z 0 [Note] Giving 0 client threads a chance to die gracefully
2022-09-15T10:42:03.492861Z 0 [Note] Shutting down slave threads
2022-09-15T10:42:03.493071Z 0 [Note] Forcefully disconnecting 0 remaining clients
2022-09-15T10:42:03.493330Z 0 [Note] Event Scheduler: Purging the queue. 0 events
2022-09-15T10:42:03.493713Z 0 [Note] Binlog end
2022-09-15T10:42:03.494166Z 0 [Note] Shutting down plugin 'ngram'
2022-09-15T10:42:03.494382Z 0 [Note] Shutting down plugin 'partition'
2022-09-15T10:42:03.494609Z 0 [Note] Shutting down plugin 'BLACKHOLE'
2022-09-15T10:42:03.494827Z 0 [Note] Shutting down plugin 'ARCHIVE'
2022-09-15T10:42:03.495039Z 0 [Note] Shutting down plugin 'PERFORMANCE_SCHEMA'
2022-09-15T10:42:03.495310Z 0 [Note] Shutting down plugin 'MRG_MYISAM'
2022-09-15T10:42:03.495570Z 0 [Note] Shutting down plugin 'MyISAM'
2022-09-15T10:42:03.495787Z 0 [Note] Shutting down plugin 'INNODB_SYS_VIRTUAL'
2022-09-15T10:42:03.496047Z 0 [Note] Shutting down plugin 'INNODB_SYS_DATAFILES'
2022-09-15T10:42:03.496301Z 0 [Note] Shutting down plugin 'INNODB_SYS_TABLESPACES'
2022-09-15T10:42:03.496560Z 0 [Note] Shutting down plugin 'INNODB_SYS_FOREIGN_COLS'
2022-09-15T10:42:03.496822Z 0 [Note] Shutting down plugin 'INNODB_SYS_FOREIGN'
2022-09-15T10:42:03.497069Z 0 [Note] Shutting down plugin 'INNODB_SYS_FIELDS'
2022-09-15T10:42:03.497311Z 0 [Note] Shutting down plugin 'INNODB_SYS_COLUMNS'
2022-09-15T10:42:03.497557Z 0 [Note] Shutting down plugin 'INNODB_SYS_INDEXES'
2022-09-15T10:42:03.497803Z 0 [Note] Shutting down plugin 'INNODB_SYS_TABLESTATS'
2022-09-15T10:42:03.498058Z 0 [Note] Shutting down plugin 'INNODB_SYS_TABLES'
2022-09-15T10:42:03.498305Z 0 [Note] Shutting down plugin 'INNODB_FT_INDEX_TABLE'
2022-09-15T10:42:03.498560Z 0 [Note] Shutting down plugin 'INNODB_FT_INDEX_CACHE'
2022-09-15T10:42:03.498814Z 0 [Note] Shutting down plugin 'INNODB_FT_CONFIG'
2022-09-15T10:42:03.499053Z 0 [Note] Shutting down plugin 'INNODB_FT_BEING_DELETED'
2022-09-15T10:42:03.499314Z 0 [Note] Shutting down plugin 'INNODB_FT_DELETED'
2022-09-15T10:42:03.499556Z 0 [Note] Shutting down plugin 'INNODB_FT_DEFAULT_STOPWORD'
2022-09-15T10:42:03.499827Z 0 [Note] Shutting down plugin 'INNODB_METRICS'
2022-09-15T10:42:03.500073Z 0 [Note] Shutting down plugin 'INNODB_TEMP_TABLE_INFO'
2022-09-15T10:42:03.500331Z 0 [Note] Shutting down plugin 'INNODB_BUFFER_POOL_STATS'
2022-09-15T10:42:03.500594Z 0 [Note] Shutting down plugin 'INNODB_BUFFER_PAGE_LRU'
2022-09-15T10:42:03.500851Z 0 [Note] Shutting down plugin 'INNODB_BUFFER_PAGE'
2022-09-15T10:42:03.501096Z 0 [Note] Shutting down plugin 'INNODB_CMP_PER_INDEX_RESET'
2022-09-15T10:42:03.501366Z 0 [Note] Shutting down plugin 'INNODB_CMP_PER_INDEX'
2022-09-15T10:42:03.501618Z 0 [Note] Shutting down plugin 'INNODB_CMPMEM_RESET'
2022-09-15T10:42:03.501867Z 0 [Note] Shutting down plugin 'INNODB_CMPMEM'
2022-09-15T10:42:03.502097Z 0 [Note] Shutting down plugin 'INNODB_CMP_RESET'
2022-09-15T10:42:03.502336Z 0 [Note] Shutting down plugin 'INNODB_CMP'
2022-09-15T10:42:03.502556Z 0 [Note] Shutting down plugin 'INNODB_LOCK_WAITS'
2022-09-15T10:42:03.502798Z 0 [Note] Shutting down plugin 'INNODB_LOCKS'
2022-09-15T10:42:03.503025Z 0 [Note] Shutting down plugin 'INNODB_TRX'
2022-09-15T10:42:03.503246Z 0 [Note] Shutting down plugin 'InnoDB'
2022-09-15T10:42:03.503506Z 0 [Note] InnoDB: FTS optimize thread exiting.
2022-09-15T10:42:03.503800Z 0 [Note] InnoDB: Starting shutdown...
2022-09-15T10:42:03.611020Z 0 [Note] InnoDB: Dumping buffer pool(s) to C:\laragon\www\intranet\mysql\ib_buffer_pool
2022-09-15T10:42:03.614914Z 0 [Note] InnoDB: Buffer pool(s) dump completed at 220915 17:42:03
2022-09-15T10:42:04.274717Z 0 [Note] InnoDB: Shutdown completed; log sequence number 2746868
2022-09-15T10:42:04.275256Z 0 [Note] InnoDB: Removed temporary tablespace data file: "ibtmp1"
2022-09-15T10:42:04.275554Z 0 [Note] Shutting down plugin 'MEMORY'
2022-09-15T10:42:04.275762Z 0 [Note] Shutting down plugin 'CSV'
2022-09-15T10:42:04.275972Z 0 [Note] Shutting down plugin 'sha256_password'
2022-09-15T10:42:04.276208Z 0 [Note] Shutting down plugin 'mysql_native_password'
2022-09-15T10:42:04.276544Z 0 [Note] Shutting down plugin 'binlog'
2022-09-15T10:42:04.280042Z 0 [Note] C:\laragon\bin\mysql\mysql-5.7.33-winx64\bin\mysqld: Shutdown complete

2022-09-15T10:42:13.210480Z 0 [Warning] Insecure configuration for --secure-file-priv: Current value does not restrict location of generated files. Consider setting it to a valid, non-empty path.
2022-09-15T10:42:13.210887Z 0 [ERROR] Cannot open Windows EventLog; check privileges, or start server with --log_syslog=0
2022-09-15T10:42:13.210898Z 0 [Note] C:\laragon\bin\mysql\mysql-5.7.33-winx64\bin\mysqld (mysqld 5.7.33) starting as process 888 ...
2022-09-15T10:42:13.226564Z 0 [Note] InnoDB: Mutexes and rw_locks use Windows interlocked functions
2022-09-15T10:42:13.226958Z 0 [Note] InnoDB: Uses event mutexes
2022-09-15T10:42:13.227160Z 0 [Note] InnoDB: _mm_lfence() and _mm_sfence() are used for memory barrier
2022-09-15T10:42:13.227488Z 0 [Note] InnoDB: Compressed tables use zlib 1.2.11
2022-09-15T10:42:13.228068Z 0 [Note] InnoDB: Number of pools: 1
2022-09-15T10:42:13.228376Z 0 [Note] InnoDB: Not using CPU crc32 instructions
2022-09-15T10:42:13.230674Z 0 [Note] InnoDB: Initializing buffer pool, total size = 128M, instances = 1, chunk size = 128M
2022-09-15T10:42:13.237639Z 0 [Note] InnoDB: Completed initialization of buffer pool
2022-09-15T10:42:13.265675Z 0 [Note] InnoDB: Highest supported file format is Barracuda.
2022-09-15T10:42:13.303980Z 0 [Note] InnoDB: Creating shared tablespace for temporary tables
2022-09-15T10:42:13.304490Z 0 [Note] InnoDB: Setting file '.\ibtmp1' size to 12 MB. Physically writing the file full; Please wait ...
2022-09-15T10:42:13.339401Z 0 [Note] InnoDB: File '.\ibtmp1' size is now 12 MB.
2022-09-15T10:42:13.345391Z 0 [Note] InnoDB: 96 redo rollback segment(s) found. 96 redo rollback segment(s) are active.
2022-09-15T10:42:13.345784Z 0 [Note] InnoDB: 32 non-redo rollback segment(s) are active.
2022-09-15T10:42:13.346417Z 0 [Note] InnoDB: Waiting for purge to start
2022-09-15T10:42:13.409394Z 0 [Note] InnoDB: 5.7.33 started; log sequence number 2746868
2022-09-15T10:42:13.409913Z 0 [Note] InnoDB: Loading buffer pool(s) from C:\laragon\www\intranet\mysql\ib_buffer_pool
2022-09-15T10:42:13.409985Z 0 [Note] Plugin 'FEDERATED' is disabled.
2022-09-15T10:42:13.418828Z 0 [Note] Found ca.pem, server-cert.pem and server-key.pem in data directory. Trying to enable SSL support using them.
2022-09-15T10:42:13.419309Z 0 [Note] Skipping generation of SSL certificates as certificate files are present in data directory.
2022-09-15T10:42:13.420627Z 0 [Warning] CA certificate ca.pem is self signed.
2022-09-15T10:42:13.420984Z 0 [Note] Skipping generation of RSA key pair as key files are present in data directory.
2022-09-15T10:42:13.421500Z 0 [Note] Server hostname (bind-address): '*'; port: 3306
2022-09-15T10:42:13.421898Z 0 [Note] IPv6 is available.
2022-09-15T10:42:13.422088Z 0 [Note]   - '::' resolves to '::';
2022-09-15T10:42:13.422327Z 0 [Note] Server socket created on IP: '::'.
2022-09-15T10:42:13.423556Z 0 [Note] InnoDB: Buffer pool(s) load completed at 220915 17:42:13
2022-09-15T10:42:13.440517Z 0 [Note] Event Scheduler: Loaded 0 events
2022-09-15T10:42:13.440843Z 0 [Note] C:\laragon\bin\mysql\mysql-5.7.33-winx64\bin\mysqld: ready for connections.
Version: '5.7.33'  socket: ''  port: 3306  MySQL Community Server (GPL)
2022-09-16T01:31:35.897581Z 0 [Warning] Insecure configuration for --secure-file-priv: Current value does not restrict location of generated files. Consider setting it to a valid, non-empty path.
2022-09-16T01:31:35.898056Z 0 [ERROR] Cannot open Windows EventLog; check privileges, or start server with --log_syslog=0
2022-09-16T01:31:35.898067Z 0 [Note] C:\laragon\bin\mysql\mysql-5.7.33-winx64\bin\mysqld (mysqld 5.7.33) starting as process 11808 ...
2022-09-16T01:31:35.909795Z 0 [Note] InnoDB: Mutexes and rw_locks use Windows interlocked functions
2022-09-16T01:31:35.910162Z 0 [Note] InnoDB: Uses event mutexes
2022-09-16T01:31:35.910365Z 0 [Note] InnoDB: _mm_lfence() and _mm_sfence() are used for memory barrier
2022-09-16T01:31:35.910680Z 0 [Note] InnoDB: Compressed tables use zlib 1.2.11
2022-09-16T01:31:35.911157Z 0 [Note] InnoDB: Number of pools: 1
2022-09-16T01:31:35.911448Z 0 [Note] InnoDB: Not using CPU crc32 instructions
2022-09-16T01:31:35.913816Z 0 [Note] InnoDB: Initializing buffer pool, total size = 128M, instances = 1, chunk size = 128M
2022-09-16T01:31:35.918758Z 0 [Note] InnoDB: Completed initialization of buffer pool
2022-09-16T01:31:35.941680Z 0 [Note] InnoDB: Highest supported file format is Barracuda.
2022-09-16T01:31:35.943091Z 0 [Note] InnoDB: Log scan progressed past the checkpoint lsn 2746903
2022-09-16T01:31:35.943404Z 0 [Note] InnoDB: Doing recovery: scanned up to log sequence number 2746912
2022-09-16T01:31:35.943950Z 0 [Note] InnoDB: Database was not shutdown normally!
2022-09-16T01:31:35.944211Z 0 [Note] InnoDB: Starting crash recovery.
2022-09-16T01:31:36.131665Z 0 [Note] InnoDB: Removed temporary tablespace data file: "ibtmp1"
2022-09-16T01:31:36.131982Z 0 [Note] InnoDB: Creating shared tablespace for temporary tables
2022-09-16T01:31:36.132482Z 0 [Note] InnoDB: Setting file '.\ibtmp1' size to 12 MB. Physically writing the file full; Please wait ...
2022-09-16T01:31:36.171790Z 0 [Note] InnoDB: File '.\ibtmp1' size is now 12 MB.
2022-09-16T01:31:36.178237Z 0 [Note] InnoDB: 96 redo rollback segment(s) found. 96 redo rollback segment(s) are active.
2022-09-16T01:31:36.178762Z 0 [Note] InnoDB: 32 non-redo rollback segment(s) are active.
2022-09-16T01:31:36.179409Z 0 [Note] InnoDB: Waiting for purge to start
2022-09-16T01:31:36.233924Z 0 [Note] InnoDB: 5.7.33 started; log sequence number 2746912
2022-09-16T01:31:36.234444Z 0 [Note] Plugin 'FEDERATED' is disabled.
2022-09-16T01:31:36.234558Z 0 [Note] InnoDB: Loading buffer pool(s) from C:\laragon\www\intranet\mysql\ib_buffer_pool
2022-09-16T01:31:36.404076Z 0 [Note] Found ca.pem, server-cert.pem and server-key.pem in data directory. Trying to enable SSL support using them.
2022-09-16T01:31:36.404537Z 0 [Note] Skipping generation of SSL certificates as certificate files are present in data directory.
2022-09-16T01:31:36.417688Z 0 [Warning] CA certificate ca.pem is self signed.
2022-09-16T01:31:36.418044Z 0 [Note] Skipping generation of RSA key pair as key files are present in data directory.
2022-09-16T01:31:36.422252Z 0 [Note] Server hostname (bind-address): '*'; port: 3306
2022-09-16T01:31:36.422690Z 0 [Note] IPv6 is available.
2022-09-16T01:31:36.422874Z 0 [Note]   - '::' resolves to '::';
2022-09-16T01:31:36.423126Z 0 [Note] Server socket created on IP: '::'.
2022-09-16T01:31:36.558520Z 0 [Note] InnoDB: Buffer pool(s) load completed at 220916  8:31:36
2022-09-16T01:31:36.598676Z 0 [Note] Event Scheduler: Loaded 0 events
2022-09-16T01:31:36.599014Z 0 [Note] C:\laragon\bin\mysql\mysql-5.7.33-winx64\bin\mysqld: ready for connections.
Version: '5.7.33'  socket: ''  port: 3306  MySQL Community Server (GPL)
2022-09-16T01:37:31.835347Z 0 [Note] C:\laragon\bin\mysql\mysql-5.7.33-winx64\bin\mysqld: Normal shutdown

2022-09-16T01:37:31.835795Z 0 [Note] Giving 0 client threads a chance to die gracefully
2022-09-16T01:37:31.836094Z 0 [Note] Shutting down slave threads
2022-09-16T01:37:31.836473Z 0 [Note] Forcefully disconnecting 0 remaining clients
2022-09-16T01:37:31.836753Z 0 [Note] Event Scheduler: Purging the queue. 0 events
2022-09-16T01:37:31.837147Z 0 [Note] Binlog end
2022-09-16T01:37:31.838151Z 0 [Note] Shutting down plugin 'ngram'
2022-09-16T01:37:31.838818Z 0 [Note] Shutting down plugin 'partition'
2022-09-16T01:37:31.839050Z 0 [Note] Shutting down plugin 'BLACKHOLE'
2022-09-16T01:37:31.839273Z 0 [Note] Shutting down plugin 'ARCHIVE'
2022-09-16T01:37:31.839489Z 0 [Note] Shutting down plugin 'PERFORMANCE_SCHEMA'
2022-09-16T01:37:31.839966Z 0 [Note] Shutting down plugin 'MRG_MYISAM'
2022-09-16T01:37:31.840401Z 0 [Note] Shutting down plugin 'MyISAM'
2022-09-16T01:37:31.840628Z 0 [Note] Shutting down plugin 'INNODB_SYS_VIRTUAL'
2022-09-16T01:37:31.841052Z 0 [Note] Shutting down plugin 'INNODB_SYS_DATAFILES'
2022-09-16T01:37:31.841343Z 0 [Note] Shutting down plugin 'INNODB_SYS_TABLESPACES'
2022-09-16T01:37:31.841596Z 0 [Note] Shutting down plugin 'INNODB_SYS_FOREIGN_COLS'
2022-09-16T01:37:31.841852Z 0 [Note] Shutting down plugin 'INNODB_SYS_FOREIGN'
2022-09-16T01:37:31.842093Z 0 [Note] Shutting down plugin 'INNODB_SYS_FIELDS'
2022-09-16T01:37:31.842358Z 0 [Note] Shutting down plugin 'INNODB_SYS_COLUMNS'
2022-09-16T01:37:31.842614Z 0 [Note] Shutting down plugin 'INNODB_SYS_INDEXES'
2022-09-16T01:37:31.842855Z 0 [Note] Shutting down plugin 'INNODB_SYS_TABLESTATS'
2022-09-16T01:37:31.843105Z 0 [Note] Shutting down plugin 'INNODB_SYS_TABLES'
2022-09-16T01:37:31.843423Z 0 [Note] Shutting down plugin 'INNODB_FT_INDEX_TABLE'
2022-09-16T01:37:31.843673Z 0 [Note] Shutting down plugin 'INNODB_FT_INDEX_CACHE'
2022-09-16T01:37:31.843922Z 0 [Note] Shutting down plugin 'INNODB_FT_CONFIG'
2022-09-16T01:37:31.844156Z 0 [Note] Shutting down plugin 'INNODB_FT_BEING_DELETED'
2022-09-16T01:37:31.844412Z 0 [Note] Shutting down plugin 'INNODB_FT_DELETED'
2022-09-16T01:37:31.844680Z 0 [Note] Shutting down plugin 'INNODB_FT_DEFAULT_STOPWORD'
2022-09-16T01:37:31.844943Z 0 [Note] Shutting down plugin 'INNODB_METRICS'
2022-09-16T01:37:31.845171Z 0 [Note] Shutting down plugin 'INNODB_TEMP_TABLE_INFO'
2022-09-16T01:37:31.845424Z 0 [Note] Shutting down plugin 'INNODB_BUFFER_POOL_STATS'
2022-09-16T01:37:31.845681Z 0 [Note] Shutting down plugin 'INNODB_BUFFER_PAGE_LRU'
2022-09-16T01:37:31.845932Z 0 [Note] Shutting down plugin 'INNODB_BUFFER_PAGE'
2022-09-16T01:37:31.846172Z 0 [Note] Shutting down plugin 'INNODB_CMP_PER_INDEX_RESET'
2022-09-16T01:37:31.846436Z 0 [Note] Shutting down plugin 'INNODB_CMP_PER_INDEX'
2022-09-16T01:37:31.846682Z 0 [Note] Shutting down plugin 'INNODB_CMPMEM_RESET'
2022-09-16T01:37:31.846925Z 0 [Note] Shutting down plugin 'INNODB_CMPMEM'
2022-09-16T01:37:31.847149Z 0 [Note] Shutting down plugin 'INNODB_CMP_RESET'
2022-09-16T01:37:31.847384Z 0 [Note] Shutting down plugin 'INNODB_CMP'
2022-09-16T01:37:31.847599Z 0 [Note] Shutting down plugin 'INNODB_LOCK_WAITS'
2022-09-16T01:37:31.847848Z 0 [Note] Shutting down plugin 'INNODB_LOCKS'
2022-09-16T01:37:31.848064Z 0 [Note] Shutting down plugin 'INNODB_TRX'
2022-09-16T01:37:31.848275Z 0 [Note] Shutting down plugin 'InnoDB'
2022-09-16T01:37:31.848735Z 0 [Note] InnoDB: FTS optimize thread exiting.
2022-09-16T01:37:31.849029Z 0 [Note] InnoDB: Starting shutdown...
2022-09-16T01:37:31.950849Z 0 [Note] InnoDB: Dumping buffer pool(s) to C:\laragon\www\intranet\mysql\ib_buffer_pool
2022-09-16T01:37:31.955744Z 0 [Note] InnoDB: Buffer pool(s) dump completed at 220916  8:37:31
2022-09-16T01:37:32.953628Z 0 [Note] InnoDB: Shutdown completed; log sequence number 2746940
2022-09-16T01:37:32.956067Z 0 [Note] InnoDB: Removed temporary tablespace data file: "ibtmp1"
2022-09-16T01:37:32.957077Z 0 [Note] Shutting down plugin 'MEMORY'
2022-09-16T01:37:32.957782Z 0 [Note] Shutting down plugin 'CSV'
2022-09-16T01:37:32.958451Z 0 [Note] Shutting down plugin 'sha256_password'
2022-09-16T01:37:32.959236Z 0 [Note] Shutting down plugin 'mysql_native_password'
2022-09-16T01:37:32.960332Z 0 [Note] Shutting down plugin 'binlog'
2022-09-16T01:37:32.963346Z 0 [Note] C:\laragon\bin\mysql\mysql-5.7.33-winx64\bin\mysqld: Shutdown complete

2022-09-16T01:37:37.038380Z 0 [Warning] Insecure configuration for --secure-file-priv: Current value does not restrict location of generated files. Consider setting it to a valid, non-empty path.
2022-09-16T01:37:37.038657Z 0 [ERROR] Cannot open Windows EventLog; check privileges, or start server with --log_syslog=0
2022-09-16T01:37:37.038670Z 0 [Note] C:\laragon\bin\mysql\mysql-5.7.33-winx64\bin\mysqld (mysqld 5.7.33) starting as process 10956 ...
2022-09-16T01:37:37.051372Z 0 [Note] InnoDB: Mutexes and rw_locks use Windows interlocked functions
2022-09-16T01:37:37.051711Z 0 [Note] InnoDB: Uses event mutexes
2022-09-16T01:37:37.051913Z 0 [Note] InnoDB: _mm_lfence() and _mm_sfence() are used for memory barrier
2022-09-16T01:37:37.052245Z 0 [Note] InnoDB: Compressed tables use zlib 1.2.11
2022-09-16T01:37:37.052712Z 0 [Note] InnoDB: Number of pools: 1
2022-09-16T01:37:37.053012Z 0 [Note] InnoDB: Not using CPU crc32 instructions
2022-09-16T01:37:37.054842Z 0 [Note] InnoDB: Initializing buffer pool, total size = 128M, instances = 1, chunk size = 128M
2022-09-16T01:37:37.059687Z 0 [Note] InnoDB: Completed initialization of buffer pool
2022-09-16T01:37:37.086928Z 0 [Note] InnoDB: Highest supported file format is Barracuda.
2022-09-16T01:37:37.126304Z 0 [Note] InnoDB: Creating shared tablespace for temporary tables
2022-09-16T01:37:37.126815Z 0 [Note] InnoDB: Setting file '.\ibtmp1' size to 12 MB. Physically writing the file full; Please wait ...
2022-09-16T01:37:37.159559Z 0 [Note] InnoDB: File '.\ibtmp1' size is now 12 MB.
2022-09-16T01:37:37.164949Z 0 [Note] InnoDB: 96 redo rollback segment(s) found. 96 redo rollback segment(s) are active.
2022-09-16T01:37:37.165342Z 0 [Note] InnoDB: 32 non-redo rollback segment(s) are active.
2022-09-16T01:37:37.165827Z 0 [Note] InnoDB: Waiting for purge to start
2022-09-16T01:37:37.219183Z 0 [Note] InnoDB: 5.7.33 started; log sequence number 2746940
2022-09-16T01:37:37.219755Z 0 [Note] Plugin 'FEDERATED' is disabled.
2022-09-16T01:37:37.219762Z 0 [Note] InnoDB: Loading buffer pool(s) from C:\laragon\www\intranet\mysql\ib_buffer_pool
2022-09-16T01:37:37.227147Z 0 [Note] Found ca.pem, server-cert.pem and server-key.pem in data directory. Trying to enable SSL support using them.
2022-09-16T01:37:37.227621Z 0 [Note] Skipping generation of SSL certificates as certificate files are present in data directory.
2022-09-16T01:37:37.228912Z 0 [Warning] CA certificate ca.pem is self signed.
2022-09-16T01:37:37.229267Z 0 [Note] Skipping generation of RSA key pair as key files are present in data directory.
2022-09-16T01:37:37.229773Z 0 [Note] Server hostname (bind-address): '*'; port: 3306
2022-09-16T01:37:37.230174Z 0 [Note] IPv6 is available.
2022-09-16T01:37:37.230362Z 0 [Note]   - '::' resolves to '::';
2022-09-16T01:37:37.230599Z 0 [Note] Server socket created on IP: '::'.
2022-09-16T01:37:37.233086Z 0 [Note] InnoDB: Buffer pool(s) load completed at 220916  8:37:37
2022-09-16T01:37:37.249533Z 0 [Note] Event Scheduler: Loaded 0 events
2022-09-16T01:37:37.249860Z 0 [Note] C:\laragon\bin\mysql\mysql-5.7.33-winx64\bin\mysqld: ready for connections.
Version: '5.7.33'  socket: ''  port: 3306  MySQL Community Server (GPL)
